2022/04/22 16:13:52 [INFO] Packer version: 1.8.0 [go1.17.8 linux amd64]
2022/04/22 16:13:52 [TRACE] discovering plugins in /usr/bin
2022/04/22 16:13:52 [TRACE] discovering plugins in /home/sebastian/.config/packer/plugins
2022/04/22 16:13:52 [TRACE] discovering plugins in .
2022/04/22 16:13:52 [INFO] PACKER_CONFIG env var not set; checking the default config file path
2022/04/22 16:13:52 [INFO] PACKER_CONFIG env var set; attempting to open config file: /home/sebastian/.packerconfig
2022/04/22 16:13:52 [WARN] Config file doesn't exist: /home/sebastian/.packerconfig
2022/04/22 16:13:52 [INFO] Setting cache directory: /home/sebastian/.cache/packer
2022/04/22 16:13:52 [TRACE] listing potential installations for "github.com/vultr/vultr" that match ">=v2.3.2". plugingetter.ListInstallationsOptions{FromFolders:[]string{"/usr/bin/packer", ".", "/home/sebastian/.config/packer/plugins"}, BinaryInstallationOptions:plugingetter.BinaryInstallationOptions{APIVersionMajor:"5", APIVersionMinor:"0", OS:"linux", ARCH:"amd64", Ext:"", Checksummers:[]plugingetter.Checksummer{plugingetter.Checksummer{Type:"sha256", Hash:(*sha256.digest)(0xc000530000)}}}}
2022/04/22 16:13:52 [TRACE] Found the following "github.com/vultr/vultr" installations: [{/home/sebastian/.config/packer/plugins/github.com/vultr/vultr/packer-plugin-vultr_v2.4.4_x5.0_linux_amd64 v2.4.4}]
2022/04/22 16:13:52 [INFO] found external [-packer-default-plugin-name-] builders from vultr plugin
2022/04/22 16:13:52 [TRACE] validateValue: not active for vultr_api_key, so skipping
2022/04/22 16:13:52 [TRACE] Starting external plugin /home/sebastian/.config/packer/plugins/github.com/vultr/vultr/packer-plugin-vultr_v2.4.4_x5.0_linux_amd64 start builder -packer-default-plugin-name-
2022/04/22 16:13:52 Starting plugin: /home/sebastian/.config/packer/plugins/github.com/vultr/vultr/packer-plugin-vultr_v2.4.4_x5.0_linux_amd64 []string{"/home/sebastian/.config/packer/plugins/github.com/vultr/vultr/packer-plugin-vultr_v2.4.4_x5.0_linux_amd64", "start", "builder", "-packer-default-plugin-name-"}
2022/04/22 16:13:52 Waiting for RPC address for: /home/sebastian/.config/packer/plugins/github.com/vultr/vultr/packer-plugin-vultr_v2.4.4_x5.0_linux_amd64
2022/04/22 16:13:52 packer-plugin-vultr_v2.4.4_x5.0_linux_amd64 plugin: 2022/04/22 16:13:52 Plugin address: unix /tmp/packer-plugin3934300591
2022/04/22 16:13:52 packer-plugin-vultr_v2.4.4_x5.0_linux_amd64 plugin: 2022/04/22 16:13:52 Waiting for connection...
2022/04/22 16:13:52 Received unix RPC address for /home/sebastian/.config/packer/plugins/github.com/vultr/vultr/packer-plugin-vultr_v2.4.4_x5.0_linux_amd64: addr is /tmp/packer-plugin3934300591
2022/04/22 16:13:52 packer-plugin-vultr_v2.4.4_x5.0_linux_amd64 plugin: 2022/04/22 16:13:52 Serving a plugin connection...
2022/04/22 16:13:52 packer-plugin-vultr_v2.4.4_x5.0_linux_amd64 plugin: 2022/04/22 16:13:52 [TRACE] starting builder -packer-default-plugin-name-
2022/04/22 16:13:52 [TRACE] Starting internal plugin packer-provisioner-file
2022/04/22 16:13:52 Starting plugin: /usr/bin/packer []string{"/usr/bin/packer", "plugin", "packer-provisioner-file"}
2022/04/22 16:13:52 Waiting for RPC address for: /usr/bin/packer
2022/04/22 16:13:52 packer-provisioner-file plugin: [INFO] Packer version: 1.8.0 [go1.17.8 linux amd64]
2022/04/22 16:13:52 packer-provisioner-file plugin: [INFO] PACKER_CONFIG env var not set; checking the default config file path
2022/04/22 16:13:52 packer-provisioner-file plugin: [INFO] PACKER_CONFIG env var set; attempting to open config file: /home/sebastian/.packerconfig
2022/04/22 16:13:52 packer-provisioner-file plugin: [WARN] Config file doesn't exist: /home/sebastian/.packerconfig
2022/04/22 16:13:52 packer-provisioner-file plugin: [INFO] Setting cache directory: /home/sebastian/.cache/packer
2022/04/22 16:13:52 packer-provisioner-file plugin: args: []string{"packer-provisioner-file"}
2022/04/22 16:13:52 Received unix RPC address for /usr/bin/packer: addr is /tmp/packer-plugin1139056669
2022/04/22 16:13:52 packer-provisioner-file plugin: Plugin address: unix /tmp/packer-plugin1139056669
2022/04/22 16:13:52 packer-provisioner-file plugin: Waiting for connection...
2022/04/22 16:13:52 packer-provisioner-file plugin: Serving a plugin connection...
2022/04/22 16:13:52 [TRACE] Starting internal plugin packer-provisioner-file
2022/04/22 16:13:52 Starting plugin: /usr/bin/packer []string{"/usr/bin/packer", "plugin", "packer-provisioner-file"}
2022/04/22 16:13:52 Waiting for RPC address for: /usr/bin/packer
2022/04/22 16:13:52 packer-provisioner-file plugin: [INFO] Packer version: 1.8.0 [go1.17.8 linux amd64]
2022/04/22 16:13:52 packer-provisioner-file plugin: [INFO] PACKER_CONFIG env var not set; checking the default config file path
2022/04/22 16:13:52 packer-provisioner-file plugin: [INFO] PACKER_CONFIG env var set; attempting to open config file: /home/sebastian/.packerconfig
2022/04/22 16:13:52 packer-provisioner-file plugin: [WARN] Config file doesn't exist: /home/sebastian/.packerconfig
2022/04/22 16:13:52 packer-provisioner-file plugin: [INFO] Setting cache directory: /home/sebastian/.cache/packer
2022/04/22 16:13:52 packer-provisioner-file plugin: args: []string{"packer-provisioner-file"}
2022/04/22 16:13:52 packer-provisioner-file plugin: Plugin address: unix /tmp/packer-plugin1284762737
2022/04/22 16:13:52 packer-provisioner-file plugin: Waiting for connection...
2022/04/22 16:13:52 Received unix RPC address for /usr/bin/packer: addr is /tmp/packer-plugin1284762737
2022/04/22 16:13:52 packer-provisioner-file plugin: Serving a plugin connection...
2022/04/22 16:13:52 [TRACE] Starting internal plugin packer-provisioner-file
2022/04/22 16:13:52 Starting plugin: /usr/bin/packer []string{"/usr/bin/packer", "plugin", "packer-provisioner-file"}
2022/04/22 16:13:52 Waiting for RPC address for: /usr/bin/packer
2022/04/22 16:13:53 packer-provisioner-file plugin: [INFO] Packer version: 1.8.0 [go1.17.8 linux amd64]
2022/04/22 16:13:53 packer-provisioner-file plugin: [INFO] PACKER_CONFIG env var not set; checking the default config file path
2022/04/22 16:13:53 packer-provisioner-file plugin: [INFO] PACKER_CONFIG env var set; attempting to open config file: /home/sebastian/.packerconfig
2022/04/22 16:13:53 packer-provisioner-file plugin: [WARN] Config file doesn't exist: /home/sebastian/.packerconfig
2022/04/22 16:13:53 packer-provisioner-file plugin: [INFO] Setting cache directory: /home/sebastian/.cache/packer
2022/04/22 16:13:53 packer-provisioner-file plugin: args: []string{"packer-provisioner-file"}
2022/04/22 16:13:53 packer-provisioner-file plugin: Plugin address: unix /tmp/packer-plugin2331906709
2022/04/22 16:13:53 packer-provisioner-file plugin: Waiting for connection...
2022/04/22 16:13:53 Received unix RPC address for /usr/bin/packer: addr is /tmp/packer-plugin2331906709
2022/04/22 16:13:53 packer-provisioner-file plugin: Serving a plugin connection...
2022/04/22 16:13:53 [TRACE] Starting internal plugin packer-provisioner-shell
2022/04/22 16:13:53 Starting plugin: /usr/bin/packer []string{"/usr/bin/packer", "plugin", "packer-provisioner-shell"}
2022/04/22 16:13:53 Waiting for RPC address for: /usr/bin/packer
2022/04/22 16:13:53 packer-provisioner-shell plugin: [INFO] Packer version: 1.8.0 [go1.17.8 linux amd64]
2022/04/22 16:13:53 packer-provisioner-shell plugin: [INFO] PACKER_CONFIG env var not set; checking the default config file path
2022/04/22 16:13:53 packer-provisioner-shell plugin: [INFO] PACKER_CONFIG env var set; attempting to open config file: /home/sebastian/.packerconfig
2022/04/22 16:13:53 packer-provisioner-shell plugin: [WARN] Config file doesn't exist: /home/sebastian/.packerconfig
2022/04/22 16:13:53 packer-provisioner-shell plugin: [INFO] Setting cache directory: /home/sebastian/.cache/packer
2022/04/22 16:13:53 packer-provisioner-shell plugin: args: []string{"packer-provisioner-shell"}
2022/04/22 16:13:53 Received unix RPC address for /usr/bin/packer: addr is /tmp/packer-plugin3600908887
2022/04/22 16:13:53 packer-provisioner-shell plugin: Plugin address: unix /tmp/packer-plugin3600908887
2022/04/22 16:13:53 packer-provisioner-shell plugin: Waiting for connection...
2022/04/22 16:13:53 packer-provisioner-shell plugin: Serving a plugin connection...
2022/04/22 16:13:53 ui: [1;32mvultr.debian10: output will be in this color.[0m
2022/04/22 16:13:53 ui: 
2022/04/22 16:13:53 Build debug mode: false
2022/04/22 16:13:53 Force build: false
2022/04/22 16:13:53 On error: 
2022/04/22 16:13:53 Waiting on builds to complete...
2022/04/22 16:13:53 Starting build run: vultr.debian10
2022/04/22 16:13:53 Running builder: 
2022/04/22 16:13:53 [INFO] (telemetry) Starting builder vultr.debian10
2022/04/22 16:13:53 ui: [1;32m==> vultr.debian10: Running Vultr builder...[0m
2022/04/22 16:13:53 ui: [1;32m==> vultr.debian10: Creating temporary SSH key...[0m
2022/04/22 16:13:53 ui: [1;32m==> vultr.debian10: Creating Vultr instance...[0m
2022/04/22 16:13:53 ui: [1;32m==> vultr.debian10: Waiting 1500s for server 4b6b6821-b499-4317-9fa6-dfeb81f5b340 to power on...[0m
2022/04/22 16:13:53 packer-plugin-vultr_v2.4.4_x5.0_linux_amd64 plugin: 2022/04/22 16:13:53 Waiting for up to 1500 seconds for server
2022/04/22 16:13:53 packer-plugin-vultr_v2.4.4_x5.0_linux_amd64 plugin: 2022/04/22 16:13:53 Checking server status... (attempt: 1)
2022/04/22 16:13:57 packer-plugin-vultr_v2.4.4_x5.0_linux_amd64 plugin: 2022/04/22 16:13:57 Checking server status... (attempt: 2)
2022/04/22 16:14:00 packer-plugin-vultr_v2.4.4_x5.0_linux_amd64 plugin: 2022/04/22 16:14:00 Checking server status... (attempt: 3)
2022/04/22 16:14:03 packer-plugin-vultr_v2.4.4_x5.0_linux_amd64 plugin: 2022/04/22 16:14:03 Checking server status... (attempt: 4)
2022/04/22 16:14:06 packer-plugin-vultr_v2.4.4_x5.0_linux_amd64 plugin: 2022/04/22 16:14:06 Checking server status... (attempt: 5)
2022/04/22 16:14:09 packer-plugin-vultr_v2.4.4_x5.0_linux_amd64 plugin: 2022/04/22 16:14:09 Checking server status... (attempt: 6)
2022/04/22 16:14:12 packer-plugin-vultr_v2.4.4_x5.0_linux_amd64 plugin: 2022/04/22 16:14:12 Checking server status... (attempt: 7)
2022/04/22 16:14:16 packer-plugin-vultr_v2.4.4_x5.0_linux_amd64 plugin: 2022/04/22 16:14:16 Checking server status... (attempt: 8)
2022/04/22 16:14:19 packer-plugin-vultr_v2.4.4_x5.0_linux_amd64 plugin: 2022/04/22 16:14:19 Checking server status... (attempt: 9)
2022/04/22 16:14:19 ui: [1;32m==> vultr.debian10: Using SSH communicator to connect: 95.179.161.18[0m
2022/04/22 16:14:19 packer-plugin-vultr_v2.4.4_x5.0_linux_amd64 plugin: 2022/04/22 16:14:19 [INFO] Waiting for SSH, up to timeout: 5m0s
2022/04/22 16:14:19 ui: [1;32m==> vultr.debian10: Waiting for SSH to become available...[0m
2022/04/22 16:14:34 packer-plugin-vultr_v2.4.4_x5.0_linux_amd64 plugin: 2022/04/22 16:14:34 [DEBUG] TCP connection to SSH ip/port failed: dial tcp 95.179.161.18:22: i/o timeout
2022/04/22 16:14:54 packer-plugin-vultr_v2.4.4_x5.0_linux_amd64 plugin: 2022/04/22 16:14:54 [DEBUG] TCP connection to SSH ip/port failed: dial tcp 95.179.161.18:22: i/o timeout
2022/04/22 16:15:06 packer-plugin-vultr_v2.4.4_x5.0_linux_amd64 plugin: 2022/04/22 16:15:06 [DEBUG] TCP connection to SSH ip/port failed: dial tcp 95.179.161.18:22: connect: connection refused
2022/04/22 16:15:11 packer-plugin-vultr_v2.4.4_x5.0_linux_amd64 plugin: 2022/04/22 16:15:11 [DEBUG] TCP connection to SSH ip/port failed: dial tcp 95.179.161.18:22: connect: connection refused
2022/04/22 16:15:16 packer-plugin-vultr_v2.4.4_x5.0_linux_amd64 plugin: 2022/04/22 16:15:16 [DEBUG] TCP connection to SSH ip/port failed: dial tcp 95.179.161.18:22: connect: connection refused
2022/04/22 16:15:21 packer-plugin-vultr_v2.4.4_x5.0_linux_amd64 plugin: 2022/04/22 16:15:21 [DEBUG] TCP connection to SSH ip/port failed: dial tcp 95.179.161.18:22: connect: connection refused
2022/04/22 16:15:26 packer-plugin-vultr_v2.4.4_x5.0_linux_amd64 plugin: 2022/04/22 16:15:26 [INFO] Attempting SSH connection to 95.179.161.18:22...
2022/04/22 16:15:26 packer-plugin-vultr_v2.4.4_x5.0_linux_amd64 plugin: 2022/04/22 16:15:26 [DEBUG] reconnecting to TCP connection for SSH
2022/04/22 16:15:26 packer-plugin-vultr_v2.4.4_x5.0_linux_amd64 plugin: 2022/04/22 16:15:26 [DEBUG] handshaking with SSH
2022/04/22 16:15:27 packer-plugin-vultr_v2.4.4_x5.0_linux_amd64 plugin: 2022/04/22 16:15:27 [DEBUG] handshake complete!
2022/04/22 16:15:27 packer-plugin-vultr_v2.4.4_x5.0_linux_amd64 plugin: 2022/04/22 16:15:27 [INFO] no local agent socket, will not connect agent
2022/04/22 16:15:27 ui: [1;32m==> vultr.debian10: Connected to SSH![0m
2022/04/22 16:15:27 packer-plugin-vultr_v2.4.4_x5.0_linux_amd64 plugin: 2022/04/22 16:15:27 Running the provision hook
2022/04/22 16:15:27 [INFO] (telemetry) Starting provisioner file
2022/04/22 16:15:27 ui: [1;32m==> vultr.debian10: Uploading ../helper-scripts/vultr-helper.sh => /root/vultr-helper.sh[0m
2022/04/22 16:15:27 packer-plugin-vultr_v2.4.4_x5.0_linux_amd64 plugin: 2022/04/22 16:15:27 [DEBUG] Opening new ssh session
2022/04/22 16:15:27 packer-provisioner-file plugin: [INFO] 6517 bytes written for 'uploadData'
2022/04/22 16:15:27 [INFO] 6517 bytes written for 'uploadData'
2022/04/22 16:15:27 packer-plugin-vultr_v2.4.4_x5.0_linux_amd64 plugin: 2022/04/22 16:15:27 [DEBUG] Starting remote scp process:  scp -vt /root
2022/04/22 16:15:27 packer-plugin-vultr_v2.4.4_x5.0_linux_amd64 plugin: 2022/04/22 16:15:27 [DEBUG] Started SCP session, beginning transfers...
2022/04/22 16:15:27 packer-plugin-vultr_v2.4.4_x5.0_linux_amd64 plugin: 2022/04/22 16:15:27 [DEBUG] scp: Uploading vultr-helper.sh: perms=C0777 size=6517
2022/04/22 16:15:27 packer-plugin-vultr_v2.4.4_x5.0_linux_amd64 plugin: 2022/04/22 16:15:27 [DEBUG] SCP session complete, closing stdin pipe.
2022/04/22 16:15:27 packer-plugin-vultr_v2.4.4_x5.0_linux_amd64 plugin: 2022/04/22 16:15:27 [DEBUG] Waiting for SSH session to complete.
2022/04/22 16:15:27 packer-plugin-vultr_v2.4.4_x5.0_linux_amd64 plugin: 2022/04/22 16:15:27 [DEBUG] scp stderr (length 33): Sink: C0777 6517 vultr-helper.sh
2022/04/22 16:15:27 packer-provisioner-file plugin: closing
2022/04/22 16:15:27 closing
2022/04/22 16:15:27 packer-plugin-vultr_v2.4.4_x5.0_linux_amd64 plugin: 2022/04/22 16:15:27 closing
2022/04/22 16:15:27 [INFO] (telemetry) ending file
2022/04/22 16:15:27 [INFO] (telemetry) Starting provisioner file
2022/04/22 16:15:27 ui: [1;32m==> vultr.debian10: Uploading ../install-docker.sh => /root/install-docker.sh[0m
2022/04/22 16:15:27 packer-plugin-vultr_v2.4.4_x5.0_linux_amd64 plugin: 2022/04/22 16:15:27 [DEBUG] Opening new ssh session
2022/04/22 16:15:27 packer-provisioner-file plugin: [INFO] 455 bytes written for 'uploadData'
2022/04/22 16:15:27 [INFO] 455 bytes written for 'uploadData'
2022/04/22 16:15:27 packer-plugin-vultr_v2.4.4_x5.0_linux_amd64 plugin: 2022/04/22 16:15:27 [DEBUG] Starting remote scp process:  scp -vt /root
2022/04/22 16:15:27 packer-plugin-vultr_v2.4.4_x5.0_linux_amd64 plugin: 2022/04/22 16:15:27 [DEBUG] Started SCP session, beginning transfers...
2022/04/22 16:15:27 packer-plugin-vultr_v2.4.4_x5.0_linux_amd64 plugin: 2022/04/22 16:15:27 [DEBUG] scp: Uploading install-docker.sh: perms=C0777 size=455
2022/04/22 16:15:27 packer-plugin-vultr_v2.4.4_x5.0_linux_amd64 plugin: 2022/04/22 16:15:27 [DEBUG] SCP session complete, closing stdin pipe.
2022/04/22 16:15:27 packer-plugin-vultr_v2.4.4_x5.0_linux_amd64 plugin: 2022/04/22 16:15:27 [DEBUG] Waiting for SSH session to complete.
2022/04/22 16:15:27 packer-plugin-vultr_v2.4.4_x5.0_linux_amd64 plugin: 2022/04/22 16:15:27 [DEBUG] scp stderr (length 34): Sink: C0777 455 install-docker.sh
2022/04/22 16:15:27 packer-provisioner-file plugin: closing
2022/04/22 16:15:27 closing
2022/04/22 16:15:27 packer-plugin-vultr_v2.4.4_x5.0_linux_amd64 plugin: 2022/04/22 16:15:27 closing
2022/04/22 16:15:27 [INFO] (telemetry) ending file
2022/04/22 16:15:27 [INFO] (telemetry) Starting provisioner file
2022/04/22 16:15:27 ui: [1;32m==> vultr.debian10: Uploading ../provision.sh => /var/lib/cloud/scripts/per-instance/provision.sh[0m
2022/04/22 16:15:27 packer-plugin-vultr_v2.4.4_x5.0_linux_amd64 plugin: 2022/04/22 16:15:27 [DEBUG] Opening new ssh session
2022/04/22 16:15:27 [INFO] 632 bytes written for 'uploadData'
2022/04/22 16:15:27 packer-provisioner-file plugin: [INFO] 632 bytes written for 'uploadData'
2022/04/22 16:15:27 packer-plugin-vultr_v2.4.4_x5.0_linux_amd64 plugin: 2022/04/22 16:15:27 [DEBUG] Starting remote scp process:  scp -vt /var/lib/cloud/scripts/per-instance
2022/04/22 16:15:27 packer-plugin-vultr_v2.4.4_x5.0_linux_amd64 plugin: 2022/04/22 16:15:27 [DEBUG] Started SCP session, beginning transfers...
2022/04/22 16:15:27 packer-plugin-vultr_v2.4.4_x5.0_linux_amd64 plugin: 2022/04/22 16:15:27 [DEBUG] scp: Uploading provision.sh: perms=C0777 size=632
2022/04/22 16:15:27 packer-plugin-vultr_v2.4.4_x5.0_linux_amd64 plugin: 2022/04/22 16:15:27 [DEBUG] SCP session complete, closing stdin pipe.
2022/04/22 16:15:27 packer-plugin-vultr_v2.4.4_x5.0_linux_amd64 plugin: 2022/04/22 16:15:27 [DEBUG] Waiting for SSH session to complete.
2022/04/22 16:15:27 packer-plugin-vultr_v2.4.4_x5.0_linux_amd64 plugin: 2022/04/22 16:15:27 [DEBUG] scp stderr (length 29): Sink: C0777 632 provision.sh
2022/04/22 16:15:27 packer-provisioner-file plugin: closing
2022/04/22 16:15:27 closing
2022/04/22 16:15:27 packer-plugin-vultr_v2.4.4_x5.0_linux_amd64 plugin: 2022/04/22 16:15:27 closing
2022/04/22 16:15:27 [INFO] (telemetry) ending file
2022/04/22 16:15:27 [INFO] (telemetry) Starting provisioner shell
2022/04/22 16:15:27 ui: [1;32m==> vultr.debian10: Provisioning with shell script: debian10.sh[0m
2022/04/22 16:15:27 packer-provisioner-shell plugin: Opening debian10.sh for reading
2022/04/22 16:15:27 packer-plugin-vultr_v2.4.4_x5.0_linux_amd64 plugin: 2022/04/22 16:15:27 [DEBUG] Opening new ssh session
2022/04/22 16:15:27 packer-provisioner-shell plugin: [INFO] 610 bytes written for 'uploadData'
2022/04/22 16:15:27 [INFO] 610 bytes written for 'uploadData'
2022/04/22 16:15:27 packer-plugin-vultr_v2.4.4_x5.0_linux_amd64 plugin: 2022/04/22 16:15:27 [DEBUG] Starting remote scp process:  scp -vt /root
2022/04/22 16:15:27 packer-plugin-vultr_v2.4.4_x5.0_linux_amd64 plugin: 2022/04/22 16:15:27 [DEBUG] Started SCP session, beginning transfers...
2022/04/22 16:15:27 packer-plugin-vultr_v2.4.4_x5.0_linux_amd64 plugin: 2022/04/22 16:15:27 [DEBUG] Copying input data into temporary file so we can read the length
2022/04/22 16:15:27 packer-plugin-vultr_v2.4.4_x5.0_linux_amd64 plugin: 2022/04/22 16:15:27 [DEBUG] scp: Uploading debian10.sh: perms=C0644 size=610
2022/04/22 16:15:27 packer-plugin-vultr_v2.4.4_x5.0_linux_amd64 plugin: 2022/04/22 16:15:27 [DEBUG] SCP session complete, closing stdin pipe.
2022/04/22 16:15:27 packer-plugin-vultr_v2.4.4_x5.0_linux_amd64 plugin: 2022/04/22 16:15:27 [DEBUG] Waiting for SSH session to complete.
2022/04/22 16:15:27 packer-plugin-vultr_v2.4.4_x5.0_linux_amd64 plugin: 2022/04/22 16:15:27 [DEBUG] scp stderr (length 28): Sink: C0644 610 debian10.sh
2022/04/22 16:15:27 packer-plugin-vultr_v2.4.4_x5.0_linux_amd64 plugin: 2022/04/22 16:15:27 [DEBUG] Opening new ssh session
2022/04/22 16:15:27 packer-plugin-vultr_v2.4.4_x5.0_linux_amd64 plugin: 2022/04/22 16:15:27 [DEBUG] starting remote command: chmod 0755 /root/debian10.sh
2022/04/22 16:15:28 packer-plugin-vultr_v2.4.4_x5.0_linux_amd64 plugin: 2022/04/22 16:15:28 [INFO] RPC endpoint: Communicator ended with: 0
2022/04/22 16:15:28 [INFO] RPC client: Communicator ended with: 0
2022/04/22 16:15:28 [INFO] RPC endpoint: Communicator ended with: 0
2022/04/22 16:15:28 packer-provisioner-shell plugin: [INFO] RPC client: Communicator ended with: 0
2022/04/22 16:15:28 packer-plugin-vultr_v2.4.4_x5.0_linux_amd64 plugin: 2022/04/22 16:15:28 [DEBUG] Opening new ssh session
2022/04/22 16:15:28 packer-plugin-vultr_v2.4.4_x5.0_linux_amd64 plugin: 2022/04/22 16:15:28 [DEBUG] starting remote command: chmod +x /root/debian10.sh; PACKER_BUILDER_TYPE='vultr' PACKER_BUILD_NAME='debian10'  /root/debian10.sh
2022/04/22 16:15:28 ui: [0;32m    vultr.debian10: cloud-init is already installed.[0m
2022/04/22 16:15:28 packer-plugin-vultr_v2.4.4_x5.0_linux_amd64 plugin: 2022/04/22 16:15:28 [ERROR] Remote command exited with '64': chmod +x /root/debian10.sh; PACKER_BUILDER_TYPE='vultr' PACKER_BUILD_NAME='debian10'  /root/debian10.sh
2022/04/22 16:15:28 packer-plugin-vultr_v2.4.4_x5.0_linux_amd64 plugin: 2022/04/22 16:15:28 [INFO] RPC endpoint: Communicator ended with: 64
2022/04/22 16:15:28 [INFO] 33 bytes written for 'stdout'
2022/04/22 16:15:28 [INFO] 54 bytes written for 'stderr'
2022/04/22 16:15:28 [INFO] RPC client: Communicator ended with: 64
2022/04/22 16:15:28 [INFO] RPC endpoint: Communicator ended with: 64
2022/04/22 16:15:28 packer-provisioner-shell plugin: [INFO] 33 bytes written for 'stdout'
2022/04/22 16:15:28 packer-provisioner-shell plugin: [INFO] 54 bytes written for 'stderr'
2022/04/22 16:15:28 packer-provisioner-shell plugin: [INFO] RPC client: Communicator ended with: 64
2022/04/22 16:15:28 ui error: [1;31m==> vultr.debian10: flock: bad file descriptor: '/var/lib/apt/daily_lock'[0m
2022/04/22 16:15:28 [INFO] (telemetry) ending shell
2022/04/22 16:15:28 ui: [1;32m==> vultr.debian10: Provisioning step had errors: Running the cleanup provisioner, if present...[0m
2022/04/22 16:15:28 ui: [1;32m==> vultr.debian10: Destroying server 4b6b6821-b499-4317-9fa6-dfeb81f5b340[0m
2022/04/22 16:15:28 ui: [1;32m==> vultr.debian10: Deleting temporary SSH key...[0m
2022/04/22 16:15:28 [INFO] (telemetry) ending vultr.debian10
2022/04/22 16:15:28 ui error: [1;31mBuild 'vultr.debian10' errored after 1 minute 35 seconds: Script exited with non-zero exit status: 64.Allowed exit codes are: [0][0m
2022/04/22 16:15:28 ui: 
==> Wait completed after 1 minute 35 seconds
2022/04/22 16:15:28 machine readable: error-count []string{"1"}
2022/04/22 16:15:28 ui error: 
==> Some builds didn't complete successfully and had errors:
2022/04/22 16:15:28 machine readable: vultr.debian10,error []string{"Script exited with non-zero exit status: 64.Allowed exit codes are: [0]"}
2022/04/22 16:15:28 ui error: --> vultr.debian10: Script exited with non-zero exit status: 64.Allowed exit codes are: [0]
2022/04/22 16:15:28 ui: 
==> Builds finished but no artifacts were created.
2022/04/22 16:15:28 [INFO] (telemetry) Finalizing.
2022/04/22 16:15:29 waiting for all plugin processes to complete...
2022/04/22 16:15:29 /home/sebastian/.config/packer/plugins/github.com/vultr/vultr/packer-plugin-vultr_v2.4.4_x5.0_linux_amd64: plugin process exited
2022/04/22 16:15:29 /usr/bin/packer: plugin process exited
2022/04/22 16:15:29 /usr/bin/packer: plugin process exited
2022/04/22 16:15:29 /usr/bin/packer: plugin process exited
2022/04/22 16:15:29 /usr/bin/packer: plugin process exited
